<?xml version="1.0" encoding="UTF-8"?>
<!-- Generated by org.testng.reporters.JUnitXMLReporter -->
<testsuite hostname="IMCHLT016" name="Default test" tests="5" failures="0" timestamp="12 Apr 2017 06:01:38 GMT" time="170.388" errors="0">
  <testcase name="CreateAcc_SFDC_01" time="91.602" classname="test.ATMScenarios.SFDCaccountcreation"/>
  <testcase name="CreateAcc_SFDC_02" time="5.815" classname="test.ATMScenarios.SFDCaccountcreation"/>
  <testcase name="CreateAcc_SFDC_03" time="24.179" classname="test.ATMScenarios.SFDCaccountcreation"/>
  <testcase name="CreateAcc_SFDC_04" time="19.786" classname="test.ATMScenarios.SFDCaccountcreation"/>
  <testcase name="CreateAcc_SFDC_05" time="17.399" classname="test.ATMScenarios.SFDCaccountcreation"/>
</testsuite> <!-- Default test -->
