<?xml version="1.0" encoding="UTF-8"?>
<testng-results skipped="0" failed="0" total="2" passed="2">
  <reporter-output>
    <line>
      <![CDATA[Extent Report directory: C:\Users\vinodkumara\Desktop\SFapp_Automation\Portal\target\surefire-reports\html]]>
    </line>
  </reporter-output>
  <suite name="Tests" duration-ms="411424" started-at="2017-04-23T07:08:37Z" finished-at="2017-04-23T07:15:29Z">
    <groups>
      <group name="FunctionalTest">
        <method signature="SFDCaccountcreation.Merge_3_Accounts_01()[pri:0, instance:test.ATMScenarios.SFDCaccountcreation@477b4cdf]" name="Merge_3_Accounts_01" class="test.ATMScenarios.SFDCaccountcreation"/>
        <method signature="SFDCaccountcreation.Merge_3_Accounts_02()[pri:0, instance:test.ATMScenarios.SFDCaccountcreation@477b4cdf]" name="Merge_3_Accounts_02" class="test.ATMScenarios.SFDCaccountcreation"/>
      </group> <!-- FunctionalTest -->
    </groups>
    <test name="admin" duration-ms="411424" started-at="2017-04-23T07:08:37Z" finished-at="2017-04-23T07:15:29Z">
      <class name="flow.TestFactory">
        <test-method status="PASS" signature="extentSetup(org.testng.ITestContext)[pri:0, instance:flow.TestFactory@62ddbd7e]" name="extentSetup" is-config="true" duration-ms="241" started-at="2017-04-23T12:38:08Z" finished-at="2017-04-23T12:38:08Z">
          <params>
            <param index="0">
              <value>
                <![CDATA[org.testng.TestRunner@7fcbe147]]>
              </value>
            </param>
          </params>
          <reporter-output>
            <line>
              <![CDATA[Extent Report directory: C:\Users\vinodkumara\Desktop\SFapp_Automation\Portal\target\surefire-reports\html]]>
            </line>
          </reporter-output>
        </test-method> <!-- extentSetup -->
        <test-method status="PASS" signature="instantiateWebDriver()[pri:0, instance:flow.TestFactory@62ddbd7e]" name="instantiateWebDriver" is-config="true" duration-ms="29003" started-at="2017-04-23T12:38:08Z" finished-at="2017-04-23T12:38:37Z">
          <reporter-output>
          </reporter-output>
        </test-method> <!-- instantiateWebDriver -->
        <test-method status="PASS" signature="generateReport()[pri:0, instance:flow.TestFactory@62ddbd7e]" name="generateReport" is-config="true" duration-ms="6876" started-at="2017-04-23T12:45:29Z" finished-at="2017-04-23T12:45:35Z">
          <reporter-output>
          </reporter-output>
        </test-method> <!-- generateReport -->
      </class> <!-- flow.TestFactory -->
      <class name="test.ATMScenarios.SFDCaccountcreation">
        <test-method status="PASS" signature="startExtent(java.lang.reflect.Method)[pri:0, instance:test.ATMScenarios.SFDCaccountcreation@477b4cdf]" name="startExtent" is-config="true" duration-ms="16" started-at="2017-04-23T12:38:38Z" finished-at="2017-04-23T12:38:38Z">
          <params>
            <param index="0">
              <value>
                <![CDATA[public void test.ATMScenarios.SFDCaccountcreation.Merge_3_Accounts_01() throws java.lang.Exception]]>
              </value>
            </param>
          </params>
          <reporter-output>
          </reporter-output>
        </test-method> <!-- startExtent -->
        <test-method status="PASS" signature="Merge_3_Accounts_01()[pri:0, instance:test.ATMScenarios.SFDCaccountcreation@477b4cdf]" name="Merge_3_Accounts_01" duration-ms="369696" started-at="2017-04-23T12:38:38Z" description="(ATM, Creating 3 accounts for merging purpose) - Verify  user able to create multiple accounts" finished-at="2017-04-23T12:44:47Z">
          <reporter-output>
          </reporter-output>
        </test-method> <!-- Merge_3_Accounts_01 -->
        <test-method status="PASS" signature="afterEachTestMethod(org.testng.ITestResult)[pri:0, instance:test.ATMScenarios.SFDCaccountcreation@477b4cdf]" name="afterEachTestMethod" is-config="true" duration-ms="1707" started-at="2017-04-23T12:44:47Z" finished-at="2017-04-23T12:44:49Z">
          <params>
            <param index="0">
              <value>
                <![CDATA[[TestResult name=Merge_3_Accounts_01 status=SUCCESS method=SFDCaccountcreation.Merge_3_Accounts_01()[pri:0, instance:test.ATMScenarios.SFDCaccountcreation@477b4cdf] output={null}]]]>
              </value>
            </param>
          </params>
          <reporter-output>
          </reporter-output>
        </test-method> <!-- afterEachTestMethod -->
        <test-method status="PASS" signature="startExtent(java.lang.reflect.Method)[pri:0, instance:test.ATMScenarios.SFDCaccountcreation@477b4cdf]" name="startExtent" is-config="true" duration-ms="0" started-at="2017-04-23T12:44:49Z" finished-at="2017-04-23T12:44:49Z">
          <params>
            <param index="0">
              <value>
                <![CDATA[public void test.ATMScenarios.SFDCaccountcreation.Merge_3_Accounts_02() throws java.lang.Exception]]>
              </value>
            </param>
          </params>
          <reporter-output>
          </reporter-output>
        </test-method> <!-- startExtent -->
        <test-method status="PASS" signature="Merge_3_Accounts_02()[pri:0, instance:test.ATMScenarios.SFDCaccountcreation@477b4cdf]" name="Merge_3_Accounts_02" duration-ms="25600" started-at="2017-04-23T12:44:49Z" description="(ATM, Creating 3 accounts for merging purpose) - Verify user is able to create additional admins for merged accounts" finished-at="2017-04-23T12:45:15Z">
          <reporter-output>
          </reporter-output>
        </test-method> <!-- Merge_3_Accounts_02 -->
        <test-method status="PASS" signature="afterEachTestMethod(org.testng.ITestResult)[pri:0, instance:test.ATMScenarios.SFDCaccountcreation@477b4cdf]" name="afterEachTestMethod" is-config="true" duration-ms="313" started-at="2017-04-23T12:45:15Z" finished-at="2017-04-23T12:45:15Z">
          <params>
            <param index="0">
              <value>
                <![CDATA[[TestResult name=Merge_3_Accounts_02 status=SUCCESS method=SFDCaccountcreation.Merge_3_Accounts_02()[pri:0, instance:test.ATMScenarios.SFDCaccountcreation@477b4cdf] output={null}]]]>
              </value>
            </param>
          </params>
          <reporter-output>
          </reporter-output>
        </test-method> <!-- afterEachTestMethod -->
        <test-method status="PASS" signature="refreshBrowser()[pri:0, instance:test.ATMScenarios.SFDCaccountcreation@477b4cdf]" name="refreshBrowser" is-config="true" duration-ms="13465" started-at="2017-04-23T12:45:15Z" finished-at="2017-04-23T12:45:29Z">
          <reporter-output>
          </reporter-output>
        </test-method> <!-- refreshBrowser -->
      </class> <!-- test.ATMScenarios.SFDCaccountcreation -->
    </test> <!-- admin -->
  </suite> <!-- Tests -->
</testng-results>
